2020-09-10 08:59:00,012 INFO  [main] thrift.ThriftServer: ***** STARTING service 'ThriftServer' *****
2020-09-10 08:59:00,020 INFO  [main] util.VersionInfo: HBase 2.1.2
2020-09-10 08:59:00,021 INFO  [main] util.VersionInfo: Source code repository git://kalashnikov/Users/stack/checkouts/hbase.git revision=1dfc418f77801fbfb59a125756891b9100c1fc6d
2020-09-10 08:59:00,022 INFO  [main] util.VersionInfo: Compiled by stack on Sun Dec 30 21:45:09 PST 2018
2020-09-10 08:59:00,023 INFO  [main] util.VersionInfo: From source with checksum 5701bcce2fc4832a4b2990adc735b516
2020-09-10 08:59:02,912 INFO  [main] thrift.ThriftServerRunner: Using default thrift server type
2020-09-10 08:59:02,918 INFO  [main] thrift.ThriftServerRunner: Using thrift server type threadpool
2020-09-10 08:59:03,355 WARN  [main] util.NativeCodeLoader: Unable to load native-hadoop library for your platform... using builtin-java classes where applicable
2020-09-10 08:59:09,095 INFO  [main] metrics.MetricRegistries: Loaded MetricRegistries class org.apache.hadoop.hbase.metrics.impl.MetricRegistriesImpl
2020-09-10 08:59:09,983 INFO  [main] util.log: Logging initialized @12892ms
2020-09-10 08:59:11,533 INFO  [main] http.HttpRequestLog: Http request log for http.requests.thrift is not defined
2020-09-10 08:59:11,618 INFO  [main] http.HttpServer: Added global filter 'safety' (class=org.apache.hadoop.hbase.http.HttpServer$QuotingInputFilter)
2020-09-10 08:59:11,630 INFO  [main] http.HttpServer: Added global filter 'clickjackingprevention' (class=org.apache.hadoop.hbase.http.ClickjackingPreventionFilter)
2020-09-10 08:59:11,658 INFO  [main] http.HttpServer: Added filter static_user_filter (class=org.apache.hadoop.hbase.http.lib.StaticUserWebFilter$StaticUserFilter) to context thrift
2020-09-10 08:59:11,666 INFO  [main] http.HttpServer: Added filter static_user_filter (class=org.apache.hadoop.hbase.http.lib.StaticUserWebFilter$StaticUserFilter) to context static
2020-09-10 08:59:11,667 INFO  [main] http.HttpServer: Added filter static_user_filter (class=org.apache.hadoop.hbase.http.lib.StaticUserWebFilter$StaticUserFilter) to context logs
2020-09-10 08:59:12,058 INFO  [main] http.HttpServer: Jetty bound to port 9095
2020-09-10 08:59:12,062 INFO  [main] server.Server: jetty-9.3.19.v20170502
2020-09-10 08:59:12,394 INFO  [main] handler.ContextHandler: Started o.e.j.s.ServletContextHandler@be35cd9{/logs,file:///opt/hbase/logs/,AVAILABLE}
2020-09-10 08:59:12,397 INFO  [main] handler.ContextHandler: Started o.e.j.s.ServletContextHandler@44821a96{/static,file:///opt/hbase/hbase-webapps/static/,AVAILABLE}
2020-09-10 08:59:13,267 INFO  [main] handler.ContextHandler: Started o.e.j.w.WebAppContext@14028087{/,file:///opt/hbase/hbase-webapps/thrift/,AVAILABLE}{file:/opt/hbase/hbase-webapps/thrift}
2020-09-10 08:59:13,327 INFO  [main] server.AbstractConnector: Started ServerConnector@7c137fd5{HTTP/1.1,[http/1.1]}{0.0.0.0:9095}
2020-09-10 08:59:13,329 INFO  [main] server.Server: Started @16242ms
2020-09-10 08:59:13,719 INFO  [main] thrift.ThriftServerRunner: starting TBoundedThreadPoolServer on /0.0.0.0:9090 with readTimeout 60000ms; min worker threads=16, max worker threads=1000, max queued requests=1000
